This is pdfeTeXk, Version 3.141592-1.21a-2.2 (Web2C 7.5.4) (format=pdflatex 2009.11.25)  23 JUN 2010 13:29
entering extended mode
 file:line:error style messages enabled.
 %&-line parsing enabled.
**testDir/AESI.tex
(./testDir/AESI.tex
LaTeX2e <2003/12/01>
Babel <v3.8d> and hyphenation patterns for american, french, german, ngerman, b
ahasa, basque, bulgarian, catalan, croatian, czech, danish, dutch, esperanto, e
stonian, finnish, greek, icelandic, irish, italian, latin, magyar, norsk, polis
h, portuges, romanian, russian, serbian, slovak, slovene, spanish, swedish, tur
kish, ukrainian, nohyphenation, loaded.
(/usr/share/texmf/tex/latex/base/article.cls
Document Class: article 2004/02/16 v1.4f Standard LaTeX document class
(/usr/share/texmf/tex/latex/base/size10.clo
File: size10.clo 2004/02/16 v1.4f Standard LaTeX file (size option)
)
\c@part=\count79
\c@section=\count80
\c@subsection=\count81
\c@subsubsection=\count82
\c@paragraph=\count83
\c@subparagraph=\count84
\c@figure=\count85
\c@table=\count86
\abovecaptionskip=\skip41
\belowcaptionskip=\skip42
\bibindent=\dimen102
)
(/usr/share/texmf/tex/latex/geometry/geometry.sty
Package: geometry 2002/07/08 v3.2 Page Geometry

(/usr/share/texmf/tex/latex/graphics/keyval.sty
Package: keyval 1999/03/16 v1.13 key=value parser (DPC)
\KV@toks@=\toks14
)
\Gm@cnth=\count87
\Gm@cntv=\count88
\c@Gm@tempcnt=\count89
\Gm@bindingoffset=\dimen103
\Gm@wd@mp=\dimen104
\Gm@odd@mp=\dimen105
\Gm@even@mp=\dimen106
\Gm@dimlist=\toks15

(/usr/share/texmf/tex/latex/geometry/geometry.cfg))
(/usr/share/texmf/tex/latex/natbib/natbib.sty
Package: natbib 2003/06/06 7.1 (PWD)
\bibhang=\skip43
\bibsep=\skip44
LaTeX Info: Redefining \cite on input line 518.
\c@NAT@ctr=\count90
)
(/usr/share/texmf/tex/latex/graphics/graphicx.sty
Package: graphicx 1999/02/16 v1.0f Enhanced LaTeX Graphics (DPC,SPQR)

(/usr/share/texmf/tex/latex/graphics/graphics.sty
Package: graphics 2001/07/07 v1.0n Standard LaTeX Graphics (DPC,SPQR)

(/usr/share/texmf/tex/latex/graphics/trig.sty
Package: trig 1999/03/16 v1.09 sin cos tan (DPC)
)
(/usr/share/texmf/tex/latex/graphics/graphics.cfg
File: graphics.cfg 2005/02/03 v1.3 graphics configuration of teTeX/TeXLive
)
Package graphics Info: Driver file: pdftex.def on input line 80.

(/usr/share/texmf/tex/latex/graphics/pdftex.def
File: pdftex.def 2002/06/19 v0.03k graphics/color for pdftex
\Gread@gobject=\count91
))
\Gin@req@height=\dimen107
\Gin@req@width=\dimen108
)
(/usr/share/texmf/tex/latex/algorithms/algorithmic.sty
Package: algorithmic 

Document Style `algorithmic' - environment
(/usr/share/texmf/tex/latex/base/ifthen.sty
Package: ifthen 2001/05/26 v1.1c Standard LaTeX ifthen package (DPC)
)
(/usr/share/texmf/tex/latex/tools/calc.sty
Package: calc 1998/07/07 v4.1b Infix arithmetic (KKT,FJ)
\calc@Acount=\count92
\calc@Bcount=\count93
\calc@Adimen=\dimen109
\calc@Bdimen=\dimen110
\calc@Askip=\skip45
\calc@Bskip=\skip46
LaTeX Info: Redefining \setlength on input line 59.
LaTeX Info: Redefining \addtolength on input line 60.
\calc@denominator=\count94
)
\c@ALC@line=\count95
\c@ALC@rem=\count96
\c@ALC@depth=\count97
\ALC@tlm=\skip47
) (./AESI.aux)
\openout1 = `AESI.aux'.

LaTeX Font Info:    Checking defaults for OML/cmm/m/it on input line 9.
LaTeX Font Info:    ... okay on input line 9.
LaTeX Font Info:    Checking defaults for T1/cmr/m/n on input line 9.
LaTeX Font Info:    ... okay on input line 9.
LaTeX Font Info:    Checking defaults for OT1/cmr/m/n on input line 9.
LaTeX Font Info:    ... okay on input line 9.
LaTeX Font Info:    Checking defaults for OMS/cmsy/m/n on input line 9.
LaTeX Font Info:    ... okay on input line 9.
LaTeX Font Info:    Checking defaults for OMX/cmex/m/n on input line 9.
LaTeX Font Info:    ... okay on input line 9.
LaTeX Font Info:    Checking defaults for U/cmr/m/n on input line 9.
LaTeX Font Info:    ... okay on input line 9.
-------------------- Geometry parameters
paper: a4paper
landscape: --
twocolumn: --
twoside: --
asymmetric: --
h-parts: 85.35826pt, 426.79135pt, 85.35826pt
v-parts: 85.35826pt, 674.33032pt, 85.35826pt
hmarginratio: --
vmarginratio: --
lines: --
heightrounded: --
bindingoffset: 0.0pt
truedimen: --
includehead: --
includefoot: --
includemp: --
driver: pdftex
-------------------- Page layout dimensions and switches
\paperwidth  597.50787pt
\paperheight 845.04684pt
\textwidth  426.79135pt
\textheight 674.33032pt
\oddsidemargin  13.08827pt
\evensidemargin 13.08827pt
\topmargin  13.08827pt
\headheight 0.0pt
\headsep    0.0pt
\footskip   30.0pt
\marginparwidth 57.0pt
\marginparsep   11.0pt
\columnsep  10.0pt
\skip\footins  9.0pt plus 4.0pt minus 2.0pt
\hoffset 0.0pt
\voffset 0.0pt
\mag 1000

(1in=72.27pt, 1cm=28.45pt)
-----------------------

(/usr/share/texmf/tex/context/base/supp-pdf.tex
(/usr/share/texmf/tex/context/base/supp-mis.tex
loading : Context Support Macros / Miscellaneous (2004.10.26)
\protectiondepth=\count98
\scratchcounter=\count99
\scratchtoks=\toks16
\scratchdimen=\dimen111
\scratchskip=\skip48
\scratchmuskip=\muskip10
\scratchbox=\box26
\scratchread=\read1
\scratchwrite=\write3
\zeropoint=\dimen112
\onepoint=\dimen113
\onebasepoint=\dimen114
\minusone=\count100
\thousandpoint=\dimen115
\onerealpoint=\dimen116
\emptytoks=\toks17
\nextbox=\box27
\nextdepth=\dimen117
\everyline=\toks18
\!!counta=\count101
\!!countb=\count102
\recursecounter=\count103
)
loading : Context Support Macros / PDF (2004.03.26)
\nofMPsegments=\count104
\nofMParguments=\count105
\MPscratchCnt=\count106
\MPscratchDim=\dimen118
\MPnumerator=\count107
\everyMPtoPDFconversion=\toks19
) <uva.jpg, id=1, 823.075pt x 241.90375pt>
File: uva.jpg Graphic file (type jpg)
 <use uva.jpg>
LaTeX Font Info:    External font `cmex10' loaded for size
(Font)              <7> on input line 23.
LaTeX Font Info:    External font `cmex10' loaded for size
(Font)              <5> on input line 23.
 [1

{/home/Administrator/.texmf/var/fonts/map/pdftex/updmap/pdftex.map} <./uva.jpg>
] (./AESI.toc)
\tf@toc=\write4
\openout4 = `AESI.toc'.


[1]
LaTeX Font Info:    External font `cmex10' loaded for size
(Font)              <8> on input line 34.
LaTeX Font Info:    External font `cmex10' loaded for size
(Font)              <6> on input line 34.

Overfull \hbox (18.73718pt too wide) in paragraph at lines 63--64
[]\OT1/cmr/m/n/10 These ``chro-mo-somes'' re-sult in a Java file con-sist-ing o
f sev-eral meth-ods, for ex-am-ple robotScannedE-
 []

[2] [3] [4]
LaTeX Font Info:    Try loading font information for OMS+cmr on input line 108.

 (/usr/share/texmf/tex/latex/base/omscmr.fd
File: omscmr.fd 1999/05/25 v2.5h Standard LaTeX font definitions
)
LaTeX Font Info:    Font shape `OMS/cmr/m/n' in size <10> not available
(Font)              Font shape `OMS/cmsy/m/n' tried instead on input line 108.
 [5] (./AESI.bbl)
[6] <planning.png, id=52, 1026.83624pt x 666.49pt>
File: planning.png Graphic file (type png)
 <use planning.png> [7 <./planning.png>] (./AESI.aux) ) 
Here is how much of TeX's memory you used:
 1680 strings out of 94500
 20935 string characters out of 1176765
 75213 words of memory out of 1000000
 4861 multiletter control sequences out of 10000+50000
 8836 words of font info for 31 fonts, out of 500000 for 2000
 580 hyphenation exceptions out of 1000
 25i,8n,32p,480b,193s stack positions out of 1500i,500n,5000p,200000b,5000s
PDF statistics:
 55 PDF objects out of 300000
 0 named destinations out of 131072
 11 words of extra memory for PDF output out of 65536
</usr/share/texmf/fonts/
type1/bluesky/cm/cmsy10.pfb></usr/share/texmf/fonts/type1/bluesky/cm/cmti10.pfb
></usr/share/texmf/fonts/type1/bluesky/cm/cmr8.pfb></usr/share/texmf/fonts/type
1/bluesky/cm/cmr6.pfb></usr/share/texmf/fonts/type1/bluesky/cm/cmr7.pfb></usr/s
hare/texmf/fonts/type1/bluesky/cm/cmbx10.pfb></usr/share/texmf/fonts/type1/blue
sky/cm/cmr10.pfb></usr/share/texmf/fonts/type1/bluesky/cm/cmcsc10.pfb></usr/sha
re/texmf/fonts/type1/bluesky/cm/cmbx12.pfb>
Output written on AESI.pdf (8 pages, 133676 bytes).
