This is pdfeTeX, Version 3.141592-1.21a-2.2 (Web2C 7.5.4) (format=pdflatex 2009.6.14)  23 JUN 2010 10:19
entering extended mode
**AESI.tex
(./AESI.tex
LaTeX2e <2003/12/01>
Babel <v3.8d> and hyphenation patterns for american, french, german, ngerman, d
utch, nohyphenation, loaded.
(/usr/share/texmf/tex/latex/base/article.cls
Document Class: article 2004/02/16 v1.4f Standard LaTeX document class
(/usr/share/texmf/tex/latex/base/size10.clo
File: size10.clo 2004/02/16 v1.4f Standard LaTeX file (size option)
)
\c@part=\count79
\c@section=\count80
\c@subsection=\count81
\c@subsubsection=\count82
\c@paragraph=\count83
\c@subparagraph=\count84
\c@figure=\count85
\c@table=\count86
\abovecaptionskip=\skip41
\belowcaptionskip=\skip42
\bibindent=\dimen102
)
(/usr/share/texmf/tex/latex/geometry/geometry.sty
Package: geometry 2002/07/08 v3.2 Page Geometry

(/usr/share/texmf/tex/latex/graphics/keyval.sty
Package: keyval 1999/03/16 v1.13 key=value parser (DPC)
\KV@toks@=\toks14
)
\Gm@cnth=\count87
\Gm@cntv=\count88
\c@Gm@tempcnt=\count89
\Gm@bindingoffset=\dimen103
\Gm@wd@mp=\dimen104
\Gm@odd@mp=\dimen105
\Gm@even@mp=\dimen106
\Gm@dimlist=\toks15

(/usr/share/texmf/tex/latex/geometry/geometry.cfg))
(/usr/share/texmf/tex/latex/natbib/natbib.sty
Package: natbib 2003/06/06 7.1 (PWD)
\bibhang=\skip43
\bibsep=\skip44
LaTeX Info: Redefining \cite on input line 518.
\c@NAT@ctr=\count90
)
(/usr/share/texmf/tex/latex/graphics/graphicx.sty
Package: graphicx 1999/02/16 v1.0f Enhanced LaTeX Graphics (DPC,SPQR)

(/usr/share/texmf/tex/latex/graphics/graphics.sty
Package: graphics 2001/07/07 v1.0n Standard LaTeX Graphics (DPC,SPQR)

(/usr/share/texmf/tex/latex/graphics/trig.sty
Package: trig 1999/03/16 v1.09 sin cos tan (DPC)
)
(/usr/share/texmf/tex/latex/graphics/graphics.cfg
File: graphics.cfg 2005/02/03 v1.3 graphics configuration of teTeX/TeXLive
)
Package graphics Info: Driver file: pdftex.def on input line 80.

(/usr/share/texmf/tex/latex/graphics/pdftex.def
File: pdftex.def 2002/06/19 v0.03k graphics/color for pdftex
\Gread@gobject=\count91
))
\Gin@req@height=\dimen107
\Gin@req@width=\dimen108
)
(/usr/share/texmf/tex/latex/listings/listings.sty
\lst@mode=\count92
\lst@gtempboxa=\box26
\lst@token=\toks16
\lst@length=\count93
\lst@currlwidth=\dimen109
\lst@column=\count94
\lst@pos=\count95
\lst@lostspace=\dimen110
\lst@width=\dimen111
\lst@newlines=\count96
\lst@lineno=\count97
\c@lstlisting=\count98
\lst@maxwidth=\dimen112

(/usr/share/texmf/tex/latex/listings/lstpatch.sty
File: lstpatch.sty 2004/10/17 1.3b (Carsten Heinz)
)
(/usr/share/texmf/tex/latex/listings/lstmisc.sty
File: lstmisc.sty 2004/09/07 1.3 (Carsten Heinz)
\c@lstnumber=\count99
\lst@skipnumbers=\count100
\lst@framebox=\box27
)
(/usr/share/texmf/tex/latex/listings/listings.cfg
File: listings.cfg 2004/09/05 1.3 listings configuration
))
Package: listings 2004/10/17 1.3b (Carsten Heinz)
 (./synttree.sty
\MTr@level=\count101
\MTr@numchildren=\count102
\MTr@maxlevel=\count103
\MTr@mybranchmult=\count104
\MTr@labelbox=\box28
\MTr@treebox=\box29
\MTr@treev=\count105
\MTr@treew=\count106
\MTr@treeheight=\count107
\MTr@treedepth=\count108
\MTr@branchmult=\count109
\MTr@labeldepth=\count110
\MTr@labelheight=\count111
\MTr@labelhalfwidth=\count112
\MTr@morex=\count113
\MTr@parenty=\count114
\MTr@picwidth=\count115
\MTr@picheight=\count116
\MTr@templength=\skip45
\MTr@loopcnta=\count117
\MTr@tempcnta=\count118
\MTr@tempcntb=\count119
\MTr@tempcntc=\count120
\MTr@branchheight=\count121
\MTr@trianglemultright=\count122
\MTr@trianglemultleft=\count123
\MTr@lineoffset=\count124
\MTr@minheight=\skip46
\MTr@childsidesep=\count125
\MTr@childattachsep=\count126
)
(./AESI.aux)
\openout1 = `AESI.aux'.

LaTeX Font Info:    Checking defaults for OML/cmm/m/it on input line 10.
LaTeX Font Info:    ... okay on input line 10.
LaTeX Font Info:    Checking defaults for T1/cmr/m/n on input line 10.
LaTeX Font Info:    ... okay on input line 10.
LaTeX Font Info:    Checking defaults for OT1/cmr/m/n on input line 10.
LaTeX Font Info:    ... okay on input line 10.
LaTeX Font Info:    Checking defaults for OMS/cmsy/m/n on input line 10.
LaTeX Font Info:    ... okay on input line 10.
LaTeX Font Info:    Checking defaults for OMX/cmex/m/n on input line 10.
LaTeX Font Info:    ... okay on input line 10.
LaTeX Font Info:    Checking defaults for U/cmr/m/n on input line 10.
LaTeX Font Info:    ... okay on input line 10.
-------------------- Geometry parameters
paper: a4paper
landscape: --
twocolumn: --
twoside: --
asymmetric: --
h-parts: 85.35826pt, 426.79135pt, 85.35826pt
v-parts: 85.35826pt, 674.33032pt, 85.35826pt
hmarginratio: --
vmarginratio: --
lines: --
heightrounded: --
bindingoffset: 0.0pt
truedimen: --
includehead: --
includefoot: --
includemp: --
driver: pdftex
-------------------- Page layout dimensions and switches
\paperwidth  597.50787pt
\paperheight 845.04684pt
\textwidth  426.79135pt
\textheight 674.33032pt
\oddsidemargin  13.08827pt
\evensidemargin 13.08827pt
\topmargin  13.08827pt
\headheight 0.0pt
\headsep    0.0pt
\footskip   30.0pt
\marginparwidth 57.0pt
\marginparsep   11.0pt
\columnsep  10.0pt
\skip\footins  9.0pt plus 4.0pt minus 2.0pt
\hoffset 0.0pt
\voffset 0.0pt
\mag 1000

(1in=72.27pt, 1cm=28.45pt)
-----------------------
 (/usr/share/texmf/tex/context/base/supp-pdf.tex
(/usr/share/texmf/tex/context/base/supp-mis.tex
loading : Context Support Macros / Miscellaneous (2004.10.26)
\protectiondepth=\count127
\scratchcounter=\count128
\scratchtoks=\toks17
\scratchdimen=\dimen113
\scratchskip=\skip47
\scratchmuskip=\muskip10
\scratchbox=\box30
\scratchread=\read1
\scratchwrite=\write3
\zeropoint=\dimen114
\onepoint=\dimen115
\onebasepoint=\dimen116
\minusone=\count129
\thousandpoint=\dimen117
\onerealpoint=\dimen118
\emptytoks=\toks18
\nextbox=\box31
\nextdepth=\dimen119
\everyline=\toks19
\!!counta=\count130
\!!countb=\count131
\recursecounter=\count132
)
loading : Context Support Macros / PDF (2004.03.26)
\nofMPsegments=\count133
\nofMParguments=\count134
\MPscratchCnt=\count135
\MPscratchDim=\dimen120
\MPnumerator=\count136
\everyMPtoPDFconversion=\toks20
) <uva.jpg, id=1, 823.075pt x 241.90375pt>
File: uva.jpg Graphic file (type jpg)
 <use uva.jpg>
LaTeX Font Info:    External font `cmex10' loaded for size
(Font)              <7> on input line 24.
LaTeX Font Info:    External font `cmex10' loaded for size
(Font)              <5> on input line 24.
 [1

{/usr/share/texmf-var/fonts/map/pdftex/updmap/pdftex.map} <./uva.jpg>] (./AESI.
toc)
\tf@toc=\write4
\openout4 = `AESI.toc'.

 [1]
LaTeX Font Info:    External font `cmex10' loaded for size
(Font)              <8> on input line 35.
LaTeX Font Info:    External font `cmex10' loaded for size
(Font)              <6> on input line 35.

<tree.png, id=21, 803.0pt x 441.65pt>
File: tree.png Graphic file (type png)
 <use tree.png> [2]
(/usr/share/texmf/tex/latex/listings/lstlang1.sty
File: lstlang1.sty 2004/09/05 1.3 listings language file
) (./SpinBot.java
LaTeX Font Info:    Try loading font information for OMS+cmr on input line 8.

(/usr/share/texmf/tex/latex/base/omscmr.fd
File: omscmr.fd 1999/05/25 v2.5h Standard LaTeX font definitions
)
LaTeX Font Info:    Font shape `OMS/cmr/m/n' in size <10> not available
(Font)              Font shape `OMS/cmsy/m/n' tried instead on input line 8.
 [3 <./tree.png>]
LaTeX Font Info:    Try loading font information for OML+cmr on input line 33.

(/usr/share/texmf/tex/latex/base/omlcmr.fd
File: omlcmr.fd 1999/05/25 v2.5h Standard LaTeX font definitions
)
LaTeX Font Info:    Font shape `OML/cmr/m/n' in size <10> not available
(Font)              Font shape `OML/cmm/m/it' tried instead on input line 33.
)
Underfull \hbox (badness 10000) in paragraph at lines 98--99

 []

\MTr@childibox=\box32
\MTr@childix=\count137
\MTr@childiy=\count138
\MTr@childiv=\count139
\MTr@childiw=\count140
\MTr@childiheight=\count141
\MTr@childidepth=\count142
\MTr@childibranchmult=\count143
\MTr@childipicheight=\count144
\MTr@childitriangle=\count145
\MTr@childiibox=\box33
\MTr@childiix=\count146
\MTr@childiiy=\count147
\MTr@childiiv=\count148
\MTr@childiiw=\count149
\MTr@childiiheight=\count150
\MTr@childiidepth=\count151
\MTr@childiibranchmult=\count152
\MTr@childiipicheight=\count153
\MTr@childiitriangle=\count154
\MTr@childiiibox=\box34
\MTr@childiiix=\count155
\MTr@childiiiy=\count156
\MTr@childiiiv=\count157
\MTr@childiiiw=\count158
\MTr@childiiiheight=\count159
\MTr@childiiidepth=\count160
\MTr@childiiibranchmult=\count161
\MTr@childiiipicheight=\count162
\MTr@childiiitriangle=\count163

Overfull \hbox (53.70967pt too wide) in paragraph at lines 100--101
[][] 
 []


Underfull \hbox (badness 10000) in paragraph at lines 102--103

 []

[4]
Underfull \hbox (badness 10000) in paragraph at lines 119--120

 []


Underfull \hbox (badness 10000) in paragraph at lines 126--127

 []

<anatomy.jpg, id=49, 54.2025pt x 38.544pt>
File: anatomy.jpg Graphic file (type jpg)
 <use anatomy.jpg> [5] [6 <./anatomy.jpg>] [7] (./AESI.bbl) [8] <planning.png, 
id=66, 1087.06125pt x 580.1675pt>
File: planning.png Graphic file (type png)

<use planning.png> [9 <./planning.png>] (./AESI.aux) ) 
Here is how much of TeX's memory you used:
 2964 strings out of 95235
 39846 string characters out of 1186390
 202740 words of memory out of 1100000
 6060 multiletter control sequences out of 10000+50000
 8836 words of font info for 31 fonts, out of 500000 for 2000
 54 hyphenation exceptions out of 1000
 29i,8n,48p,673b,1511s stack positions out of 1500i,500n,5000p,200000b,5000s
PDF statistics:
 69 PDF objects out of 300000
 0 named destinations out of 131072
 21 words of extra memory for PDF output out of 65536
</usr/share/texmf/fonts/t
ype1/bluesky/cm/cmmi7.pfb></usr/share/texmf/fonts/type1/bluesky/cm/cmsy10.pfb><
/usr/share/texmf/fonts/type1/bluesky/cm/cmmi10.pfb></usr/share/texmf/fonts/type
1/bluesky/cm/cmr8.pfb></usr/share/texmf/fonts/type1/bluesky/cm/cmr6.pfb></usr/s
hare/texmf/fonts/type1/bluesky/cm/cmti10.pfb></usr/share/texmf/fonts/type1/blue
sky/cm/cmr7.pfb></usr/share/texmf/fonts/type1/bluesky/cm/cmbx10.pfb></usr/share
/texmf/fonts/type1/bluesky/cm/cmr10.pfb></usr/share/texmf/fonts/type1/bluesky/c
m/cmcsc10.pfb></usr/share/texmf/fonts/type1/bluesky/cm/cmbx12.pfb>
Output written on AESI.pdf (10 pages, 374495 bytes).
